2024/08/24 15:28:32 [notice] 1#1: using the "epoll" event method
2024/08/24 15:28:32 [notice] 1#1: nginx/1.27.1
2024/08/24 15:28:32 [notice] 1#1: built by gcc 13.2.1 20240309 (Alpine 13.2.1_git20240309) 
2024/08/24 15:28:32 [notice] 1#1: OS: Linux 5.15.133.1-microsoft-standard-WSL2
2024/08/24 15:28:32 [notice] 1#1: getrlimit(RLIMIT_NOFILE): 1048576:1048576
2024/08/24 15:28:32 [notice] 1#1: start worker processes
2024/08/24 15:28:32 [notice] 1#1: start worker process 33
2024/08/24 15:28:32 [notice] 1#1: start worker process 34
2024/08/24 15:28:32 [notice] 1#1: start worker process 35
2024/08/24 15:28:32 [notice] 1#1: start worker process 36
2024/08/24 15:28:32 [notice] 1#1: start worker process 37
2024/08/24 15:28:32 [notice] 1#1: start worker process 38
2024/08/24 15:28:42 [error] 33#33: *1 open() "/usr/share/nginx/html/favicon.ico" failed (2: No such file or directory), client: 172.18.0.1, server: localhost, request: "GET /favicon.ico HTTP/1.1", host: "localhost:8080", referrer: "http://localhost:8080/"
2024/08/24 15:28:53 [notice] 1#1: signal 3 (SIGQUIT) received, shutting down
2024/08/24 15:28:53 [notice] 37#37: gracefully shutting down
2024/08/24 15:28:53 [notice] 34#34: gracefully shutting down
2024/08/24 15:28:53 [notice] 38#38: gracefully shutting down
2024/08/24 15:28:53 [notice] 35#35: gracefully shutting down
2024/08/24 15:28:53 [notice] 37#37: exiting
2024/08/24 15:28:53 [notice] 38#38: exiting
2024/08/24 15:28:53 [notice] 35#35: exiting
2024/08/24 15:28:53 [notice] 36#36: gracefully shutting down
2024/08/24 15:28:53 [notice] 36#36: exiting
2024/08/24 15:28:53 [notice] 38#38: exit
2024/08/24 15:28:53 [notice] 35#35: exit
2024/08/24 15:28:53 [notice] 37#37: exit
2024/08/24 15:28:53 [notice] 36#36: exit
2024/08/24 15:28:53 [notice] 33#33: gracefully shutting down
2024/08/24 15:28:53 [notice] 33#33: exiting
2024/08/24 15:28:53 [notice] 33#33: exit
2024/08/24 15:28:53 [notice] 1#1: signal 17 (SIGCHLD) received from 33
2024/08/24 15:28:53 [notice] 1#1: worker process 33 exited with code 0
2024/08/24 15:28:53 [notice] 1#1: signal 29 (SIGIO) received
2024/08/24 15:28:53 [notice] 1#1: signal 17 (SIGCHLD) received from 37
2024/08/24 15:28:53 [notice] 1#1: worker process 35 exited with code 0
2024/08/24 15:28:53 [notice] 1#1: worker process 36 exited with code 0
2024/08/24 15:28:53 [notice] 1#1: worker process 37 exited with code 0
2024/08/24 15:28:53 [notice] 1#1: worker process 38 exited with code 0
2024/08/24 15:28:53 [notice] 1#1: signal 29 (SIGIO) received
2024/08/24 15:28:53 [notice] 1#1: signal 17 (SIGCHLD) received from 35
2024/08/24 15:32:01 [notice] 1#1: using the "epoll" event method
2024/08/24 15:32:01 [notice] 1#1: nginx/1.27.1
2024/08/24 15:32:01 [notice] 1#1: built by gcc 13.2.1 20240309 (Alpine 13.2.1_git20240309) 
2024/08/24 15:32:01 [notice] 1#1: OS: Linux 5.15.133.1-microsoft-standard-WSL2
2024/08/24 15:32:01 [notice] 1#1: getrlimit(RLIMIT_NOFILE): 1048576:1048576
2024/08/24 15:32:01 [notice] 1#1: start worker processes
2024/08/24 15:32:01 [notice] 1#1: start worker process 32
2024/08/24 15:32:01 [notice] 1#1: start worker process 33
2024/08/24 15:32:01 [notice] 1#1: start worker process 34
2024/08/24 15:32:01 [notice] 1#1: start worker process 35
2024/08/24 15:32:01 [notice] 1#1: start worker process 36
2024/08/24 15:32:01 [notice] 1#1: start worker process 37
2024/08/24 15:32:54 [notice] 1#1: signal 3 (SIGQUIT) received, shutting down
2024/08/24 15:32:54 [notice] 35#35: gracefully shutting down
2024/08/24 15:32:54 [notice] 36#36: gracefully shutting down
2024/08/24 15:32:54 [notice] 35#35: exiting
2024/08/24 15:32:54 [notice] 34#34: gracefully shutting down
2024/08/24 15:32:54 [notice] 36#36: exiting
2024/08/24 15:32:54 [notice] 37#37: gracefully shutting down
2024/08/24 15:32:54 [notice] 32#32: gracefully shutting down
2024/08/24 15:32:54 [notice] 37#37: exiting
2024/08/24 15:32:54 [notice] 32#32: exiting
2024/08/24 15:32:54 [notice] 36#36: exit
2024/08/24 15:32:54 [notice] 35#35: exit
2024/08/24 15:32:54 [notice] 37#37: exit
2024/08/24 15:32:54 [notice] 32#32: exit
2024/08/24 15:32:54 [notice] 33#33: gracefully shutting down
2024/08/24 15:32:54 [notice] 33#33: exiting
2024/08/24 15:32:54 [notice] 33#33: exit
2024/08/24 15:32:54 [notice] 1#1: signal 17 (SIGCHLD) received from 32
2024/08/24 15:32:54 [notice] 1#1: worker process 32 exited with code 0
2024/08/24 15:32:54 [notice] 1#1: worker process 33 exited with code 0
2024/08/24 15:32:54 [notice] 1#1: worker process 35 exited with code 0
2024/08/24 15:32:54 [notice] 1#1: worker process 36 exited with code 0
2024/08/24 15:32:54 [notice] 1#1: signal 29 (SIGIO) received
2024/08/24 15:32:54 [notice] 1#1: signal 17 (SIGCHLD) received from 37
2024/08/24 15:32:54 [notice] 1#1: worker process 37 exited with code 0
2024/08/24 15:32:54 [notice] 1#1: signal 29 (SIGIO) received
2024/08/24 15:33:03 [notice] 34#34: exiting
2024/08/24 15:33:03 [notice] 34#34: exit
2024/08/24 15:33:03 [notice] 1#1: signal 17 (SIGCHLD) received from 34
2024/08/24 15:33:03 [notice] 1#1: worker process 34 exited with code 0
2024/08/24 15:33:03 [notice] 1#1: exit
2024/08/24 15:33:14 [notice] 1#1: using the "epoll" event method
2024/08/24 15:33:14 [notice] 1#1: nginx/1.27.1
2024/08/24 15:33:14 [notice] 1#1: built by gcc 13.2.1 20240309 (Alpine 13.2.1_git20240309) 
2024/08/24 15:33:14 [notice] 1#1: OS: Linux 5.15.133.1-microsoft-standard-WSL2
2024/08/24 15:33:14 [notice] 1#1: getrlimit(RLIMIT_NOFILE): 1048576:1048576
2024/08/24 15:33:14 [notice] 1#1: start worker processes
2024/08/24 15:33:14 [notice] 1#1: start worker process 36
2024/08/24 15:33:14 [notice] 1#1: start worker process 37
2024/08/24 15:33:14 [notice] 1#1: start worker process 38
2024/08/24 15:33:14 [notice] 1#1: start worker process 39
2024/08/24 15:33:14 [notice] 1#1: start worker process 40
2024/08/24 15:33:14 [notice] 1#1: start worker process 41
2024/08/24 16:48:35 [notice] 1#1: signal 3 (SIGQUIT) received, shutting down
2024/08/24 16:48:35 [notice] 37#37: gracefully shutting down
2024/08/24 16:48:35 [notice] 41#41: gracefully shutting down
2024/08/24 16:48:35 [notice] 39#39: gracefully shutting down
2024/08/24 16:48:35 [notice] 40#40: gracefully shutting down
2024/08/24 16:48:35 [notice] 38#38: gracefully shutting down
2024/08/24 16:48:35 [notice] 41#41: exiting
2024/08/24 16:48:35 [notice] 39#39: exiting
2024/08/24 16:48:35 [notice] 36#36: gracefully shutting down
2024/08/24 16:48:35 [notice] 41#41: exit
2024/08/24 16:48:35 [notice] 40#40: exiting
2024/08/24 16:48:35 [notice] 40#40: exit
2024/08/24 16:48:35 [notice] 39#39: exit
2024/08/24 16:48:35 [notice] 37#37: exiting
2024/08/24 16:48:35 [notice] 38#38: exiting
2024/08/24 16:48:35 [notice] 37#37: exit
2024/08/24 16:48:35 [notice] 36#36: exiting
2024/08/24 16:48:35 [notice] 36#36: exit
2024/08/24 16:48:35 [notice] 38#38: exit
2024/08/24 16:48:36 [notice] 1#1: signal 17 (SIGCHLD) received from 37
2024/08/24 16:48:36 [notice] 1#1: worker process 37 exited with code 0
2024/08/24 16:48:36 [notice] 1#1: worker process 40 exited with code 0
2024/08/24 16:48:36 [notice] 1#1: signal 29 (SIGIO) received
2024/08/24 16:48:36 [notice] 1#1: signal 17 (SIGCHLD) received from 38
2024/08/24 16:48:36 [notice] 1#1: worker process 36 exited with code 0
2024/08/24 16:48:36 [notice] 1#1: worker process 38 exited with code 0
2024/08/24 16:48:36 [notice] 1#1: signal 29 (SIGIO) received
2024/08/24 16:48:36 [notice] 1#1: signal 17 (SIGCHLD) received from 41
2024/08/24 16:48:36 [notice] 1#1: worker process 41 exited with code 0
2024/08/24 16:48:36 [notice] 1#1: signal 29 (SIGIO) received
2024/08/24 16:48:36 [notice] 1#1: signal 17 (SIGCHLD) received from 39
2024/08/24 16:48:36 [notice] 1#1: worker process 39 exited with code 0
2024/08/24 16:48:36 [notice] 1#1: exit
2024/08/24 16:48:37 [notice] 1#1: using the "epoll" event method
2024/08/24 16:48:37 [notice] 1#1: nginx/1.27.1
2024/08/24 16:48:37 [notice] 1#1: built by gcc 13.2.1 20240309 (Alpine 13.2.1_git20240309) 
2024/08/24 16:48:37 [notice] 1#1: OS: Linux 5.15.133.1-microsoft-standard-WSL2
2024/08/24 16:48:37 [notice] 1#1: getrlimit(RLIMIT_NOFILE): 1048576:1048576
2024/08/24 16:48:37 [notice] 1#1: start worker processes
2024/08/24 16:48:37 [notice] 1#1: start worker process 35
2024/08/24 16:48:37 [notice] 1#1: start worker process 36
2024/08/24 16:48:37 [notice] 1#1: start worker process 37
2024/08/24 16:48:37 [notice] 1#1: start worker process 38
2024/08/24 16:48:37 [notice] 1#1: start worker process 39
2024/08/24 16:48:37 [notice] 1#1: start worker process 40
2024/08/24 18:34:36 [notice] 1#1: using the "epoll" event method
2024/08/24 18:34:36 [notice] 1#1: nginx/1.27.1
2024/08/24 18:34:36 [notice] 1#1: built by gcc 13.2.1 20240309 (Alpine 13.2.1_git20240309) 
2024/08/24 18:34:36 [notice] 1#1: OS: Linux 5.15.133.1-microsoft-standard-WSL2
2024/08/24 18:34:36 [notice] 1#1: getrlimit(RLIMIT_NOFILE): 1048576:1048576
2024/08/24 18:34:36 [notice] 1#1: start worker processes
2024/08/24 18:34:36 [notice] 1#1: start worker process 35
2024/08/24 18:34:36 [notice] 1#1: start worker process 36
2024/08/24 18:34:36 [notice] 1#1: start worker process 37
2024/08/24 18:34:36 [notice] 1#1: start worker process 38
2024/08/24 18:34:36 [notice] 1#1: start worker process 39
2024/08/24 18:34:36 [notice] 1#1: start worker process 40
2024/08/24 18:40:13 [notice] 1#1: using the "epoll" event method
2024/08/24 18:40:13 [notice] 1#1: nginx/1.27.1
2024/08/24 18:40:13 [notice] 1#1: built by gcc 13.2.1 20240309 (Alpine 13.2.1_git20240309) 
2024/08/24 18:40:13 [notice] 1#1: OS: Linux 5.15.133.1-microsoft-standard-WSL2
2024/08/24 18:40:13 [notice] 1#1: getrlimit(RLIMIT_NOFILE): 1048576:1048576
2024/08/24 18:40:13 [notice] 1#1: start worker processes
2024/08/24 18:40:13 [notice] 1#1: start worker process 35
2024/08/24 18:40:13 [notice] 1#1: start worker process 36
2024/08/24 18:40:13 [notice] 1#1: start worker process 37
2024/08/24 18:40:13 [notice] 1#1: start worker process 38
2024/08/24 18:40:13 [notice] 1#1: start worker process 39
2024/08/24 18:40:13 [notice] 1#1: start worker process 40
2024/08/24 18:59:30 [notice] 1#1: using the "epoll" event method
2024/08/24 18:59:30 [notice] 1#1: nginx/1.27.1
2024/08/24 18:59:30 [notice] 1#1: built by gcc 13.2.1 20240309 (Alpine 13.2.1_git20240309) 
2024/08/24 18:59:30 [notice] 1#1: OS: Linux 5.15.133.1-microsoft-standard-WSL2
2024/08/24 18:59:30 [notice] 1#1: getrlimit(RLIMIT_NOFILE): 1048576:1048576
2024/08/24 18:59:30 [notice] 1#1: start worker processes
2024/08/24 18:59:30 [notice] 1#1: start worker process 35
2024/08/24 18:59:30 [notice] 1#1: start worker process 36
2024/08/24 18:59:30 [notice] 1#1: start worker process 37
2024/08/24 18:59:30 [notice] 1#1: start worker process 38
2024/08/24 18:59:30 [notice] 1#1: start worker process 39
2024/08/24 18:59:30 [notice] 1#1: start worker process 40
2024/08/25 14:43:21 [notice] 1#1: using the "epoll" event method
2024/08/25 14:43:21 [notice] 1#1: nginx/1.27.1
2024/08/25 14:43:21 [notice] 1#1: built by gcc 13.2.1 20240309 (Alpine 13.2.1_git20240309) 
2024/08/25 14:43:21 [notice] 1#1: OS: Linux 5.15.133.1-microsoft-standard-WSL2
2024/08/25 14:43:21 [notice] 1#1: getrlimit(RLIMIT_NOFILE): 1048576:1048576
2024/08/25 14:43:21 [notice] 1#1: start worker processes
2024/08/25 14:43:21 [notice] 1#1: start worker process 35
2024/08/25 14:43:21 [notice] 1#1: start worker process 36
2024/08/25 14:43:21 [notice] 1#1: start worker process 37
2024/08/25 14:43:21 [notice] 1#1: start worker process 38
2024/08/25 14:43:21 [notice] 1#1: start worker process 39
2024/08/25 14:43:21 [notice] 1#1: start worker process 40
2024/08/25 14:43:25 [notice] 1#1: signal 3 (SIGQUIT) received, shutting down
2024/08/25 14:43:25 [notice] 35#35: gracefully shutting down
2024/08/25 14:43:25 [notice] 36#36: gracefully shutting down
2024/08/25 14:43:25 [notice] 37#37: gracefully shutting down
2024/08/25 14:43:25 [notice] 39#39: gracefully shutting down
2024/08/25 14:43:25 [notice] 35#35: exiting
2024/08/25 14:43:25 [notice] 36#36: exiting
2024/08/25 14:43:25 [notice] 37#37: exiting
2024/08/25 14:43:25 [notice] 39#39: exiting
2024/08/25 14:43:25 [notice] 35#35: exit
2024/08/25 14:43:25 [notice] 36#36: exit
2024/08/25 14:43:25 [notice] 39#39: exit
2024/08/25 14:43:25 [notice] 37#37: exit
2024/08/25 14:43:25 [notice] 38#38: gracefully shutting down
2024/08/25 14:43:25 [notice] 38#38: exiting
2024/08/25 14:43:25 [notice] 38#38: exit
2024/08/25 14:43:25 [notice] 40#40: gracefully shutting down
2024/08/25 14:43:25 [notice] 40#40: exiting
2024/08/25 14:43:25 [notice] 40#40: exit
2024/08/25 14:43:25 [notice] 1#1: signal 17 (SIGCHLD) received from 36
2024/08/25 14:43:25 [notice] 1#1: worker process 35 exited with code 0
2024/08/25 14:43:25 [notice] 1#1: worker process 36 exited with code 0
2024/08/25 14:43:25 [notice] 1#1: signal 29 (SIGIO) received
2024/08/25 14:43:25 [notice] 1#1: signal 17 (SIGCHLD) received from 37
2024/08/25 14:43:25 [notice] 1#1: worker process 37 exited with code 0
2024/08/25 14:43:25 [notice] 1#1: worker process 38 exited with code 0
2024/08/25 14:43:25 [notice] 1#1: worker process 39 exited with code 0
2024/08/25 14:43:25 [notice] 1#1: worker process 40 exited with code 0
2024/08/25 14:43:25 [notice] 1#1: exit
2024/08/25 15:28:30 [notice] 1#1: using the "epoll" event method
2024/08/25 15:28:30 [notice] 1#1: nginx/1.27.1
2024/08/25 15:28:30 [notice] 1#1: built by gcc 13.2.1 20240309 (Alpine 13.2.1_git20240309) 
2024/08/25 15:28:30 [notice] 1#1: OS: Linux 5.15.133.1-microsoft-standard-WSL2
2024/08/25 15:28:30 [notice] 1#1: getrlimit(RLIMIT_NOFILE): 1048576:1048576
2024/08/25 15:28:30 [notice] 1#1: start worker processes
2024/08/25 15:28:30 [notice] 1#1: start worker process 35
2024/08/25 15:28:30 [notice] 1#1: start worker process 36
2024/08/25 15:28:30 [notice] 1#1: start worker process 37
2024/08/25 15:28:30 [notice] 1#1: start worker process 38
2024/08/25 15:28:30 [notice] 1#1: start worker process 39
2024/08/25 15:28:30 [notice] 1#1: start worker process 40
2024/08/25 18:28:29 [notice] 1#1: signal 3 (SIGQUIT) received, shutting down
2024/08/25 18:28:29 [notice] 37#37: gracefully shutting down
2024/08/25 18:28:29 [notice] 38#38: gracefully shutting down
2024/08/25 18:28:29 [notice] 35#35: gracefully shutting down
2024/08/25 18:28:29 [notice] 36#36: gracefully shutting down
2024/08/25 18:28:29 [notice] 38#38: exiting
2024/08/25 18:28:29 [notice] 36#36: exiting
2024/08/25 18:28:29 [notice] 37#37: exiting
2024/08/25 18:28:29 [notice] 35#35: exiting
2024/08/25 18:28:29 [notice] 37#37: exit
2024/08/25 18:28:29 [notice] 38#38: exit
2024/08/25 18:28:29 [notice] 35#35: exit
2024/08/25 18:28:29 [notice] 40#40: gracefully shutting down
2024/08/25 18:28:29 [notice] 36#36: exit
2024/08/25 18:28:29 [notice] 40#40: exiting
2024/08/25 18:28:29 [notice] 40#40: exit
2024/08/25 18:28:29 [notice] 39#39: gracefully shutting down
2024/08/25 18:28:29 [notice] 39#39: exiting
2024/08/25 18:28:29 [notice] 39#39: exit
2024/08/25 18:28:29 [notice] 1#1: signal 17 (SIGCHLD) received from 37
2024/08/25 18:28:29 [notice] 1#1: worker process 36 exited with code 0
2024/08/25 18:28:29 [notice] 1#1: worker process 37 exited with code 0
2024/08/25 18:28:29 [notice] 1#1: worker process 39 exited with code 0
2024/08/25 18:28:29 [notice] 1#1: worker process 40 exited with code 0
2024/08/25 18:28:29 [notice] 1#1: signal 29 (SIGIO) received
2024/08/25 18:28:29 [notice] 1#1: signal 17 (SIGCHLD) received from 36
2024/08/25 18:28:29 [notice] 1#1: signal 17 (SIGCHLD) received from 38
2024/08/25 18:28:29 [notice] 1#1: worker process 35 exited with code 0
2024/08/25 18:28:29 [notice] 1#1: worker process 38 exited with code 0
2024/08/25 18:28:29 [notice] 1#1: exit
2024/08/25 18:28:31 [notice] 1#1: using the "epoll" event method
2024/08/25 18:28:31 [notice] 1#1: nginx/1.27.1
2024/08/25 18:28:31 [notice] 1#1: built by gcc 13.2.1 20240309 (Alpine 13.2.1_git20240309) 
2024/08/25 18:28:31 [notice] 1#1: OS: Linux 5.15.133.1-microsoft-standard-WSL2
2024/08/25 18:28:31 [notice] 1#1: getrlimit(RLIMIT_NOFILE): 1048576:1048576
2024/08/25 18:28:31 [notice] 1#1: start worker processes
2024/08/25 18:28:31 [notice] 1#1: start worker process 35
2024/08/25 18:28:31 [notice] 1#1: start worker process 36
2024/08/25 18:28:31 [notice] 1#1: start worker process 37
2024/08/25 18:28:31 [notice] 1#1: start worker process 38
2024/08/25 18:28:31 [notice] 1#1: start worker process 39
2024/08/25 18:28:31 [notice] 1#1: start worker process 40
